<?xml version="1.0" encoding="UTF-8"?>
<!-- Generated by org.testng.reporters.JUnitReportReporter -->
<testsuite hostname="DESKTOP-QTLRDBJ" failures="0" tests="1" name="Basic.OrganizationsTest" time="8.491" errors="0" timestamp="2024-03-16T12:17:25 IST" skipped="0">
  <testcase classname="Basic.OrganizationsTest" name="CreateOrganizationsTest" time="8.491"/>
  <system-out/>
</testsuite> <!-- Basic.OrganizationsTest -->
