<?xml version="1.0" encoding="UTF-8"?>
<!-- Generated by org.testng.reporters.JUnitReportReporter -->
<testsuite hostname="DESKTOP-QTLRDBJ" failures="0" tests="1" name="Basic.OrganizationsTest" time="10.837" errors="0" timestamp="2024-03-18T16:35:02 IST" skipped="0">
  <testcase classname="Basic.OrganizationsTest" name="CreateOrganizationsTest" time="10.837"/>
  <system-out/>
</testsuite> <!-- Basic.OrganizationsTest -->
